-------------------------------------------------------------------------------
Test set: com.finesse.security.JwtTokenProviderTest
-------------------------------------------------------------------------------
Tests run: 1, Failures: 1, Errors: 0, Skipped: 0, Time elapsed: 0.028 s <<< FAILURE! -- in com.finesse.security.JwtTokenProviderTest
com.finesse.security.JwtTokenProviderTest.shortSecretIsUpgradedTo256Bits -- Time elapsed: 0.023 s <<< FAILURE!
org.opentest4j.AssertionFailedError: Unexpected exception thrown: io.jsonwebtoken.security.WeakKeyException: The specified key byte array is 40 bits which is not secure enough for any JWT HMAC-SHA algorithm.  The JWT JWA Specification (RFC 7518, Section 3.2) states that keys used with HMAC-SHA algorithms MUST have a size >= 256 bits (the key size must be greater than or equal to the hash output size).  Consider using the Jwts.SIG.HS256.key() builder (or HS384.key() or HS512.key()) to create a key guaranteed to be secure enough for your preferred HMAC-SHA algorithm.  See https://tools.ietf.org/html/rfc7518#section-3.2 for more information.
	at org.junit.jupiter.api.AssertionFailureBuilder.build(AssertionFailureBuilder.java:159)
	at org.junit.jupiter.api.AssertDoesNotThrow.createAssertionFailedError(AssertDoesNotThrow.java:90)
	at org.junit.jupiter.api.AssertDoesNotThrow.assertDoesNotThrow(AssertDoesNotThrow.java:80)
	at org.junit.jupiter.api.AssertDoesNotThrow.assertDoesNotThrow(AssertDoesNotThrow.java:61)
	at org.junit.jupiter.api.Assertions.assertDoesNotThrow(Assertions.java:3355)
	at com.finesse.security.JwtTokenProviderTest.shortSecretIsUpgradedTo256Bits(JwtTokenProviderTest.java:13)
Caused by: io.jsonwebtoken.security.WeakKeyException: The specified key byte array is 40 bits which is not secure enough for any JWT HMAC-SHA algorithm.  The JWT JWA Specification (RFC 7518, Section 3.2) states that keys used with HMAC-SHA algorithms MUST have a size >= 256 bits (the key size must be greater than or equal to the hash output size).  Consider using the Jwts.SIG.HS256.key() builder (or HS384.key() or HS512.key()) to create a key guaranteed to be secure enough for your preferred HMAC-SHA algorithm.  See https://tools.ietf.org/html/rfc7518#section-3.2 for more information.
	at io.jsonwebtoken.security.Keys.hmacShaKeyFor(Keys.java:83)
	at com.finesse.security.JwtTokenProvider.getSigningKey(JwtTokenProvider.java:47)
	at java.base/jdk.internal.reflect.DirectMethodHandleAccessor.invoke(DirectMethodHandleAccessor.java:104)
	at java.base/java.lang.reflect.Method.invoke(Method.java:565)
	at org.springframework.util.MethodInvoker.invoke(MethodInvoker.java:275)
	at org.springframework.test.util.ReflectionTestUtils.invokeMethod(ReflectionTestUtils.java:517)
	at org.springframework.test.util.ReflectionTestUtils.invokeMethod(ReflectionTestUtils.java:438)
	at com.finesse.security.JwtTokenProviderTest.lambda$shortSecretIsUpgradedTo256Bits$0(JwtTokenProviderTest.java:13)
	at org.junit.jupiter.api.AssertDoesNotThrow.assertDoesNotThrow(AssertDoesNotThrow.java:76)
	... 3 more

